[0m21:40:21.365657 [debug] [MainThread]: Sending event: {'category': 'dbt', 'action': 'invocation', 'label': 'start', 'context': [<snowplow_tracker.self_describing_json.SelfDescribingJson object at 0x105aa6e40>, <snowplow_tracker.self_describing_json.SelfDescribingJson object at 0x107ab7890>, <snowplow_tracker.self_describing_json.SelfDescribingJson object at 0x107ab79d0>]}


============================== 21:40:21.368255 | 805eeb1f-5b38-4dd8-9e16-6cc4cd72ccea ==============================
[0m21:40:21.368255 [info ] [MainThread]: Running with dbt=1.10.3
[0m21:40:21.368568 [debug] [MainThread]: running dbt with arguments {'printer_width': '80', 'indirect_selection': 'eager', 'write_json': 'True', 'log_cache_events': 'False', 'partial_parse': 'True', 'cache_selected_only': 'False', 'warn_error': 'None', 'fail_fast': 'False', 'profiles_dir': '/Users/victoriacardwell/.dbt', 'log_path': 'logs', 'debug': 'False', 'version_check': 'True', 'use_colors': 'True', 'use_experimental_parser': 'False', 'no_print': 'None', 'quiet': 'False', 'empty': 'None', 'log_format': 'default', 'introspect': 'True', 'static_parser': 'True', 'invocation_command': 'dbt init poc_data_dbt', 'target_path': 'None', 'warn_error_options': 'WarnErrorOptionsV2(error=[], warn=[], silence=[])', 'send_anonymous_usage_stats': 'True'}
[0m21:40:21.373633 [info ] [MainThread]: Creating dbt configuration folder at /Users/victoriacardwell/.dbt
[0m21:40:21.374478 [debug] [MainThread]: Starter project path: /Users/victoriacardwell/programming/playground/.playground/lib/python3.13/site-packages/dbt/include/starter_project
[0m21:40:21.377719 [info ] [MainThread]: 
Your new dbt project "poc_data_dbt" was created!

For more information on how to configure the profiles.yml file,
please consult the dbt documentation here:

  https://docs.getdbt.com/docs/configure-your-profile

One more thing:

Need help? Don't hesitate to reach out to us via GitHub issues or on Slack:

  https://community.getdbt.com/

Happy modeling!

[0m21:40:21.377926 [info ] [MainThread]: Setting up your profile.
[0m21:40:53.704526 [info ] [MainThread]: Profile poc_data_dbt written to /Users/victoriacardwell/.dbt/profiles.yml using target's sample configuration. Once updated, you'll be able to start developing with dbt.
[0m21:40:53.708842 [debug] [MainThread]: Resource report: {"command_name": "init", "command_success": true, "command_wall_clock_time": 32.376423, "process_in_blocks": "0", "process_kernel_time": 0.12967, "process_mem_max_rss": "113000448", "process_out_blocks": "0", "process_user_time": 0.797326}
[0m21:40:53.709212 [debug] [MainThread]: Command `dbt init` succeeded at 21:40:53.709143 after 32.38 seconds
[0m21:40:53.709445 [debug] [MainThread]: Sending event: {'category': 'dbt', 'action': 'invocation', 'label': 'end', 'context': [<snowplow_tracker.self_describing_json.SelfDescribingJson object at 0x107bd0770>, <snowplow_tracker.self_describing_json.SelfDescribingJson object at 0x1069739b0>, <snowplow_tracker.self_describing_json.SelfDescribingJson object at 0x107acf460>]}
[0m21:40:53.709667 [debug] [MainThread]: Flushing usage events
[0m21:40:54.036475 [debug] [MainThread]: An error was encountered while trying to flush usage events
